

Processing ApplicationController#index (for 127.0.0.1 at 2009-12-11 11:53:09) [GET]

ActionController::RoutingError (No route matches "/animals" with {:method=>:get}):
  

Rendering rescues/layout (not_found)


Processing ApplicationController#index (for 127.0.0.1 at 2009-12-11 11:53:15) [GET]

ActionController::RoutingError (No route matches "/dashboard" with {:method=>:get}):
  

Rendering rescues/layout (not_found)


Processing ApplicationController#index (for 127.0.0.1 at 2009-12-11 11:56:09) [GET]

ActionController::RoutingError (No route matches "/dashboard" with {:method=>:get}):
  

Rendering rescues/layout (not_found)


Processing ApplicationController#index (for 127.0.0.1 at 2009-12-11 11:56:15) [GET]

ActionController::RoutingError (No route matches "/dashboard" with {:method=>:get}):
  

Rendering rescues/layout (not_found)


Processing ApplicationController#index (for 127.0.0.1 at 2009-12-11 11:56:39) [GET]

ActionController::RoutingError (No route matches "/dashboard" with {:method=>:get}):
  

Rendering rescues/layout (not_found)


Processing ApplicationController#index (for 127.0.0.1 at 2009-12-11 11:56:40) [GET]

ActionController::RoutingError (No route matches "/dashboard" with {:method=>:get}):
  

Rendering rescues/layout (not_found)


Processing ApplicationController#index (for 127.0.0.1 at 2009-12-11 11:56:41) [GET]

ActionController::RoutingError (No route matches "/dashboard" with {:method=>:get}):
  

Rendering rescues/layout (not_found)


Processing ApplicationController#index (for 127.0.0.1 at 2009-12-11 11:59:08) [GET]

ActionController::RoutingError (No route matches "/dashboard" with {:method=>:get}):
  

Rendering rescues/layout (not_found)


Processing ApplicationController#index (for 127.0.0.1 at 2009-12-11 11:59:10) [GET]

ActionController::RoutingError (No route matches "/dashboard" with {:method=>:get}):
  

Rendering rescues/layout (not_found)


Processing ApplicationController#index (for 127.0.0.1 at 2009-12-11 11:59:11) [GET]

ActionController::RoutingError (No route matches "/dashboard" with {:method=>:get}):
  

Rendering rescues/layout (not_found)


Processing DashboardController#index (for 127.0.0.1 at 2009-12-11 12:00:12) [GET]
Rendering dashboard/overview
Completed in 85ms (View: 84, DB: 0) | 200 OK [http://localhost/dashboard]


Processing DashboardController#index (for 127.0.0.1 at 2009-12-11 12:01:23) [GET]
Rendering dashboard/overview
Completed in 6ms (View: 5, DB: 0) | 200 OK [http://localhost/dashboard]


Processing DashboardController#index (for 127.0.0.1 at 2009-12-11 12:03:17) [GET]
Rendering dashboard/overview
Completed in 2ms (View: 1, DB: 0) | 200 OK [http://localhost/dashboard]


Processing DashboardController#index (for 127.0.0.1 at 2009-12-11 12:03:47) [GET]
Rendering dashboard/overview
Completed in 2ms (View: 1, DB: 0) | 200 OK [http://localhost/dashboard]


Processing DashboardController#index (for 127.0.0.1 at 2009-12-11 12:03:58) [GET]
Rendering dashboard/overview
Completed in 2ms (View: 1, DB: 0) | 200 OK [http://localhost/dashboard]


Processing DashboardController#index (for 127.0.0.1 at 2009-12-11 12:04:15) [GET]
Rendering dashboard/overview
Completed in 2ms (View: 1, DB: 0) | 200 OK [http://localhost/dashboard]


Processing DashboardController#index (for 127.0.0.1 at 2009-12-11 12:18:26) [GET]
Rendering dashboard/overview
Completed in 2ms (View: 1, DB: 0) | 200 OK [http://localhost/dashboard]


Processing DashboardController#index (for 127.0.0.1 at 2009-12-11 12:20:12) [GET]
Rendering dashboard/overview
Completed in 2ms (View: 1, DB: 0) | 200 OK [http://localhost/dashboard]


Processing DashboardController#index (for 127.0.0.1 at 2009-12-11 12:20:41) [GET]
Rendering dashboard/overview
Completed in 2ms (View: 1, DB: 0) | 200 OK [http://localhost/dashboard]


Processing DashboardController#index (for 127.0.0.1 at 2009-12-11 12:21:16) [GET]
Rendering dashboard/overview
Completed in 2ms (View: 1, DB: 0) | 200 OK [http://localhost/dashboard]


Processing DashboardController#index (for 127.0.0.1 at 2009-12-11 12:29:14) [GET]
Rendering dashboard/overview
Completed in 9ms (View: 7, DB: 0) | 200 OK [http://localhost/dashboard]


Processing DashboardController#index (for 127.0.0.1 at 2009-12-11 12:29:25) [GET]
Rendering dashboard/overview
Completed in 7ms (View: 5, DB: 0) | 200 OK [http://localhost/dashboard]


Processing ApplicationController#index (for 127.0.0.1 at 2009-12-11 12:29:25) [GET]

ActionController::RoutingError (No route matches "/stylesheets/images/narwhal.jpg" with {:method=>:get}):
  

Rendering rescues/layout (not_found)


Processing DashboardController#index (for 127.0.0.1 at 2009-12-11 12:30:23) [GET]
Rendering dashboard/overview
Completed in 2ms (View: 1, DB: 0) | 200 OK [http://localhost/dashboard]


Processing ApplicationController#index (for 127.0.0.1 at 2009-12-11 12:30:23) [GET]

ActionController::RoutingError (No route matches "/images/narwhal.jpg" with {:method=>:get}):
  

Rendering rescues/layout (not_found)


Processing DashboardController#index (for 127.0.0.1 at 2009-12-11 12:30:57) [GET]
Rendering dashboard/overview
Completed in 2ms (View: 1, DB: 0) | 200 OK [http://localhost/dashboard]


Processing ApplicationController#index (for 127.0.0.1 at 2009-12-11 12:30:57) [GET]

ActionController::RoutingError (No route matches "/images/narwhal.jpg" with {:method=>:get}):
  

Rendering rescues/layout (not_found)


Processing DashboardController#index (for 127.0.0.1 at 2009-12-11 12:31:20) [GET]
Rendering dashboard/overview
Completed in 2ms (View: 1, DB: 0) | 200 OK [http://localhost/dashboard]


Processing ApplicationController#index (for 127.0.0.1 at 2009-12-11 12:31:20) [GET]

ActionController::RoutingError (No route matches "/narwhal.jpg" with {:method=>:get}):
  

Rendering rescues/layout (not_found)


Processing DashboardController#index (for 127.0.0.1 at 2009-12-11 12:33:19) [GET]
Rendering dashboard/overview
Completed in 6ms (View: 4, DB: 0) | 200 OK [http://localhost/dashboard]


Processing ApplicationController#index (for 127.0.0.1 at 2009-12-11 12:33:19) [GET]

ActionController::RoutingError (No route matches "/narwhal.jpg" with {:method=>:get}):
  

Rendering rescues/layout (not_found)


Processing DashboardController#index (for 127.0.0.1 at 2009-12-11 12:33:41) [GET]
Rendering dashboard/overview
Completed in 5ms (View: 4, DB: 0) | 200 OK [http://localhost/dashboard]


Processing ApplicationController#index (for 127.0.0.1 at 2009-12-11 12:33:41) [GET]

ActionController::RoutingError (No route matches "/images/narwhal.jpg" with {:method=>:get}):
  

Rendering rescues/layout (not_found)


Processing DashboardController#index (for 127.0.0.1 at 2009-12-11 12:34:00) [GET]
Rendering dashboard/overview
Completed in 5ms (View: 4, DB: 0) | 200 OK [http://localhost/dashboard]


Processing ApplicationController#index (for 127.0.0.1 at 2009-12-11 12:34:00) [GET]

ActionController::RoutingError (No route matches "/public/images/narwhal.jpg" with {:method=>:get}):
  

Rendering rescues/layout (not_found)


Processing DashboardController#index (for 127.0.0.1 at 2009-12-11 12:35:49) [GET]
Rendering dashboard/overview
Completed in 46ms (View: 45, DB: 0) | 200 OK [http://localhost/dashboard]


Processing ApplicationController#index (for 127.0.0.1 at 2009-12-11 12:35:49) [GET]

ActionController::RoutingError (No route matches "/images/narwhal.jpg" with {:method=>:get}):
  

Rendering rescues/layout (not_found)


Processing DashboardController#index (for 127.0.0.1 at 2009-12-11 12:36:57) [GET]
Rendering dashboard/overview
Completed in 16ms (View: 15, DB: 0) | 200 OK [http://localhost/dashboard]


Processing ApplicationController#index (for 127.0.0.1 at 2009-12-11 12:36:58) [GET]

ActionController::RoutingError (No route matches "/images/narwhal.jpg" with {:method=>:get}):
  

Rendering rescues/layout (not_found)


Processing DashboardController#index (for 127.0.0.1 at 2009-12-11 12:37:02) [GET]
Rendering dashboard/overview
Completed in 2ms (View: 1, DB: 0) | 200 OK [http://localhost/dashboard]


Processing ApplicationController#index (for 127.0.0.1 at 2009-12-11 12:37:02) [GET]

ActionController::RoutingError (No route matches "/images/narwhal.jpg" with {:method=>:get}):
  

Rendering rescues/layout (not_found)


Processing ApplicationController#index (for 127.0.0.1 at 2009-12-11 12:38:04) [GET]

ActionController::RoutingError (No route matches "/narwhal.jpg" with {:method=>:get}):
  

Rendering rescues/layout (not_found)


Processing ApplicationController#index (for 127.0.0.1 at 2009-12-11 12:38:07) [GET]

ActionController::RoutingError (No route matches "/images/narwhal.jpg" with {:method=>:get}):
  

Rendering rescues/layout (not_found)


Processing DashboardController#index (for 127.0.0.1 at 2009-12-11 12:39:46) [GET]
Rendering dashboard/overview
Completed in 16ms (View: 15, DB: 0) | 200 OK [http://localhost/dashboard]


Processing ApplicationController#index (for 127.0.0.1 at 2009-12-11 12:39:46) [GET]

ActionController::RoutingError (No route matches "/images/narwhal.jpg" with {:method=>:get}):
  

Rendering rescues/layout (not_found)


Processing DashboardController#index (for 127.0.0.1 at 2009-12-11 12:42:03) [GET]
Rendering dashboard/overview
Completed in 17ms (View: 15, DB: 0) | 200 OK [http://localhost/dashboard]


Processing DashboardController#index (for 127.0.0.1 at 2009-12-11 12:44:13) [GET]
Rendering dashboard/overview
Completed in 16ms (View: 15, DB: 0) | 200 OK [http://localhost/dashboard]


Processing DashboardController#index (for 127.0.0.1 at 2009-12-11 12:44:46) [GET]
Rendering dashboard/overview
Completed in 2ms (View: 1, DB: 0) | 200 OK [http://localhost/dashboard]


Processing DashboardController#index (for 127.0.0.1 at 2009-12-11 12:45:54) [GET]
Rendering dashboard/overview
Completed in 6ms (View: 4, DB: 0) | 200 OK [http://localhost/dashboard]


Processing ApplicationController#index (for 127.0.0.1 at 2009-12-11 12:45:54) [GET]

ActionController::RoutingError (No route matches "/stylesheets/images/narhwal.tiff" with {:method=>:get}):
  

Rendering rescues/layout (not_found)


Processing DashboardController#index (for 127.0.0.1 at 2009-12-11 12:45:56) [GET]
Rendering dashboard/overview
Completed in 2ms (View: 1, DB: 0) | 200 OK [http://localhost/dashboard]


Processing ApplicationController#index (for 127.0.0.1 at 2009-12-11 12:45:56) [GET]

ActionController::RoutingError (No route matches "/stylesheets/images/narhwal.tiff" with {:method=>:get}):
  

Rendering rescues/layout (not_found)


Processing DashboardController#index (for 127.0.0.1 at 2009-12-11 12:46:24) [GET]
Rendering dashboard/overview
Completed in 2ms (View: 1, DB: 0) | 200 OK [http://localhost/dashboard]


Processing DashboardController#index (for 127.0.0.1 at 2009-12-11 12:46:41) [GET]
Rendering dashboard/overview
Completed in 2ms (View: 1, DB: 0) | 200 OK [http://localhost/dashboard]


Processing DashboardController#index (for 127.0.0.1 at 2009-12-11 12:47:09) [GET]
Rendering dashboard/overview
Completed in 2ms (View: 1, DB: 0) | 200 OK [http://localhost/dashboard]


Processing DashboardController#index (for 127.0.0.1 at 2009-12-11 12:51:46) [GET]
Rendering dashboard/overview
Completed in 9ms (View: 7, DB: 0) | 200 OK [http://localhost/dashboard]


Processing DashboardController#index (for 127.0.0.1 at 2009-12-11 12:52:34) [GET]
Rendering dashboard/overview
Completed in 2ms (View: 1, DB: 0) | 200 OK [http://localhost/dashboard]


Processing DashboardController#index (for 127.0.0.1 at 2009-12-11 12:53:18) [GET]
Rendering dashboard/overview
Completed in 2ms (View: 1, DB: 0) | 200 OK [http://localhost/dashboard]


Processing DashboardController#index (for 127.0.0.1 at 2009-12-11 12:53:28) [GET]
Rendering dashboard/overview
Completed in 2ms (View: 1, DB: 0) | 200 OK [http://localhost/dashboard]


Processing DashboardController#index (for 127.0.0.1 at 2009-12-11 12:53:47) [GET]
Rendering dashboard/overview
Completed in 2ms (View: 1, DB: 0) | 200 OK [http://localhost/dashboard]


Processing DashboardController#index (for 127.0.0.1 at 2009-12-11 12:54:05) [GET]
Rendering dashboard/overview
Completed in 2ms (View: 1, DB: 0) | 200 OK [http://localhost/dashboard]


Processing DashboardController#index (for 127.0.0.1 at 2009-12-11 12:54:18) [GET]
Rendering dashboard/overview
Completed in 3ms (View: 1, DB: 0) | 200 OK [http://localhost/dashboard]


Processing DashboardController#index (for 127.0.0.1 at 2009-12-11 12:55:16) [GET]
Rendering dashboard/overview
Completed in 2ms (View: 1, DB: 0) | 200 OK [http://localhost/dashboard]


Processing DashboardController#index (for 127.0.0.1 at 2009-12-11 12:55:40) [GET]
Rendering dashboard/overview
Completed in 2ms (View: 1, DB: 0) | 200 OK [http://localhost/dashboard]


Processing DashboardController#index (for 127.0.0.1 at 2009-12-11 12:56:57) [GET]
Rendering dashboard/overview
Completed in 2ms (View: 1, DB: 0) | 200 OK [http://localhost/dashboard]


Processing DashboardController#index (for 127.0.0.1 at 2009-12-11 12:57:47) [GET]
Rendering dashboard/overview
Completed in 2ms (View: 1, DB: 0) | 200 OK [http://localhost/dashboard]


Processing DashboardController#index (for 127.0.0.1 at 2009-12-11 12:58:10) [GET]
Rendering dashboard/overview
Completed in 2ms (View: 1, DB: 0) | 200 OK [http://localhost/dashboard]


Processing DashboardController#index (for 127.0.0.1 at 2009-12-11 12:58:53) [GET]
Rendering dashboard/overview
Completed in 2ms (View: 1, DB: 0) | 200 OK [http://localhost/dashboard]


Processing DashboardController#index (for 127.0.0.1 at 2009-12-11 12:59:07) [GET]
Rendering dashboard/overview
Completed in 2ms (View: 1, DB: 0) | 200 OK [http://localhost/dashboard]


Processing DashboardController#index (for 127.0.0.1 at 2009-12-11 12:59:18) [GET]
Rendering dashboard/overview
Completed in 2ms (View: 1, DB: 0) | 200 OK [http://localhost/dashboard]


Processing DashboardController#index (for 127.0.0.1 at 2009-12-11 13:06:38) [GET]
Rendering dashboard/overview
Completed in 2ms (View: 1, DB: 0) | 200 OK [http://localhost/dashboard]


Processing DashboardController#index (for 127.0.0.1 at 2009-12-11 13:07:20) [GET]
Rendering dashboard/overview
Completed in 5ms (View: 4, DB: 0) | 200 OK [http://localhost/dashboard]


Processing DashboardController#index (for 127.0.0.1 at 2009-12-11 13:07:40) [GET]
Rendering dashboard/overview
Completed in 2ms (View: 1, DB: 0) | 200 OK [http://localhost/dashboard]


Processing DashboardController#index (for 127.0.0.1 at 2009-12-11 13:07:57) [GET]
Rendering dashboard/overview
Completed in 2ms (View: 1, DB: 0) | 200 OK [http://localhost/dashboard]


Processing DashboardController#index (for 127.0.0.1 at 2009-12-11 13:08:26) [GET]
Rendering dashboard/overview
Completed in 6ms (View: 5, DB: 0) | 200 OK [http://localhost/dashboard]


Processing DashboardController#index (for 127.0.0.1 at 2009-12-11 13:08:43) [GET]
Rendering dashboard/overview
Completed in 6ms (View: 5, DB: 0) | 200 OK [http://localhost/dashboard]


Processing DashboardController#index (for 127.0.0.1 at 2009-12-11 13:08:59) [GET]
Rendering dashboard/overview
Completed in 2ms (View: 1, DB: 0) | 200 OK [http://localhost/dashboard]


Processing DashboardController#index (for 127.0.0.1 at 2009-12-11 13:09:47) [GET]
Rendering dashboard/overview
Completed in 2ms (View: 1, DB: 0) | 200 OK [http://localhost/dashboard]


Processing DashboardController#index (for 127.0.0.1 at 2009-12-11 13:10:21) [GET]
Rendering dashboard/overview
Completed in 5ms (View: 4, DB: 0) | 200 OK [http://localhost/dashboard]


Processing DashboardController#index (for 127.0.0.1 at 2009-12-11 13:10:37) [GET]
Rendering dashboard/overview
Completed in 2ms (View: 1, DB: 0) | 200 OK [http://localhost/dashboard]


Processing DashboardController#index (for 127.0.0.1 at 2009-12-11 13:12:05) [GET]
Rendering dashboard/overview
Completed in 2ms (View: 1, DB: 0) | 200 OK [http://localhost/dashboard]


Processing DashboardController#index (for 127.0.0.1 at 2009-12-11 13:12:41) [GET]
Rendering dashboard/overview
Completed in 2ms (View: 1, DB: 0) | 200 OK [http://localhost/dashboard]


Processing DashboardController#index (for 127.0.0.1 at 2009-12-11 13:14:52) [GET]
Rendering dashboard/overview
Completed in 5ms (View: 4, DB: 0) | 200 OK [http://localhost/dashboard]


Processing DashboardController#index (for 127.0.0.1 at 2009-12-11 13:15:04) [GET]
Rendering dashboard/overview
Completed in 6ms (View: 4, DB: 0) | 200 OK [http://localhost/dashboard]


Processing DashboardController#index (for 127.0.0.1 at 2009-12-11 13:15:30) [GET]
Rendering dashboard/overview
Completed in 2ms (View: 1, DB: 0) | 200 OK [http://localhost/dashboard]


Processing DashboardController#index (for 127.0.0.1 at 2009-12-11 13:16:14) [GET]
Rendering dashboard/overview
Completed in 6ms (View: 5, DB: 0) | 200 OK [http://localhost/dashboard]


Processing DashboardController#index (for 127.0.0.1 at 2009-12-11 13:16:53) [GET]
Rendering dashboard/overview
Completed in 2ms (View: 1, DB: 0) | 200 OK [http://localhost/dashboard]


Processing DashboardController#index (for 127.0.0.1 at 2009-12-11 13:17:54) [GET]
Rendering dashboard/overview
Completed in 2ms (View: 1, DB: 0) | 200 OK [http://localhost/dashboard]


Processing DashboardController#index (for 127.0.0.1 at 2009-12-11 13:18:09) [GET]
Rendering dashboard/overview
Completed in 2ms (View: 1, DB: 0) | 200 OK [http://localhost/dashboard]


Processing DashboardController#index (for 127.0.0.1 at 2009-12-11 13:19:18) [GET]
Rendering dashboard/overview
Completed in 2ms (View: 1, DB: 0) | 200 OK [http://localhost/dashboard]


Processing DashboardController#index (for 127.0.0.1 at 2009-12-11 13:23:14) [GET]
Rendering dashboard/overview
Completed in 2ms (View: 1, DB: 0) | 200 OK [http://localhost/dashboard]


Processing DashboardController#index (for 127.0.0.1 at 2009-12-11 13:23:53) [GET]
Rendering dashboard/overview
Completed in 2ms (View: 1, DB: 0) | 200 OK [http://localhost/dashboard]


Processing DashboardController#index (for 127.0.0.1 at 2009-12-11 13:27:57) [GET]
Rendering dashboard/overview
Completed in 2ms (View: 1, DB: 0) | 200 OK [http://localhost/dashboard]


Processing DashboardController#index (for 127.0.0.1 at 2009-12-11 13:28:02) [GET]
Rendering dashboard/overview
Completed in 2ms (View: 1, DB: 0) | 200 OK [http://localhost/dashboard]


Processing DashboardController#index (for 127.0.0.1 at 2009-12-11 13:32:04) [GET]
Rendering dashboard/overview
Completed in 2ms (View: 1, DB: 0) | 200 OK [http://localhost/dashboard]


Processing DashboardController#index (for 127.0.0.1 at 2009-12-11 13:32:22) [GET]
Rendering dashboard/overview
Completed in 2ms (View: 1, DB: 0) | 200 OK [http://localhost/dashboard]


Processing DashboardController#index (for 127.0.0.1 at 2009-12-11 13:32:25) [GET]
Rendering dashboard/overview
Completed in 2ms (View: 1, DB: 0) | 200 OK [http://localhost/dashboard]


Processing DashboardController#index (for 127.0.0.1 at 2009-12-11 13:32:59) [GET]
Rendering dashboard/overview
Completed in 2ms (View: 1, DB: 0) | 200 OK [http://localhost/dashboard]


Processing DashboardController#index (for 127.0.0.1 at 2009-12-11 13:59:48) [GET]
Rendering dashboard/overview
Completed in 33ms (View: 32, DB: 0) | 200 OK [http://localhost/dashboard]


Processing DashboardController#index (for 127.0.0.1 at 2009-12-11 14:01:54) [GET]
Rendering dashboard/overview
Completed in 8ms (View: 7, DB: 0) | 200 OK [http://localhost/dashboard]


Processing DashboardController#index (for 127.0.0.1 at 2009-12-11 21:18:37) [GET]
Rendering dashboard/overview
Completed in 60ms (View: 57, DB: 0) | 200 OK [http://localhost/dashboard]


Processing ApplicationController#index (for 127.0.0.1 at 2009-12-11 21:18:42) [GET]

ActionController::RoutingError (No route matches "/animals" with {:method=>:get}):
  

Rendering rescues/layout (not_found)


Processing ApplicationController#index (for 127.0.0.1 at 2009-12-11 21:18:47) [GET]

ActionController::RoutingError (No route matches "/machines" with {:method=>:get}):
  

Rendering rescues/layout (not_found)


Processing DashboardController#index (for 127.0.0.1 at 2009-12-11 21:26:00) [GET]
Rendering template within layouts/application
Rendering dashboard/overview
Completed in 13ms (View: 11, DB: 0) | 200 OK [http://localhost/dashboard]


Processing DashboardController#index (for 127.0.0.1 at 2009-12-11 21:26:08) [GET]
Rendering template within layouts/application
Rendering dashboard/overview
Completed in 2ms (View: 1, DB: 0) | 200 OK [http://localhost/dashboard]


Processing DashboardController#index (for 127.0.0.1 at 2009-12-11 21:27:01) [GET]
Rendering template within layouts/application
Rendering dashboard/overview
Completed in 7ms (View: 5, DB: 0) | 200 OK [http://localhost/dashboard]


Processing ApplicationController#index (for 127.0.0.1 at 2009-12-11 21:27:09) [GET]

ActionController::RoutingError (No route matches "/rate" with {:method=>:get}):
  

Rendering rescues/layout (not_found)


Processing DashboardController#index (for 127.0.0.1 at 2009-12-11 21:27:17) [GET]
Rendering template within layouts/application
Rendering dashboard/overview
Completed in 2ms (View: 1, DB: 0) | 200 OK [http://localhost/dashboard]


Processing ApplicationController#index (for 127.0.0.1 at 2009-12-11 21:28:54) [GET]

ActionController::RoutingError (No route matches "/ratelimiting" with {:method=>:get}):
  

Rendering rescues/layout (not_found)


Processing ApplicationController#index (for 127.0.0.1 at 2009-12-11 21:37:35) [GET]

ActionController::RoutingError (No route matches "/ratelimiting" with {:method=>:get}):
  

Rendering rescues/layout (not_found)


Processing DashboardController#index (for 127.0.0.1 at 2009-12-11 21:39:00) [GET]
Rendering template within layouts/application
Rendering dashboard/overview
Completed in 86ms (View: 85, DB: 0) | 200 OK [http://localhost/dashboard]


Processing DashboardController#index (for 127.0.0.1 at 2009-12-11 21:39:45) [GET]
Rendering template within layouts/application
Rendering dashboard/overview
Completed in 6ms (View: 5, DB: 0) | 200 OK [http://localhost/dashboard]


Processing DashboardController#index (for 127.0.0.1 at 2009-12-11 21:40:24) [GET]
Rendering template within layouts/application
Rendering dashboard/overview
Completed in 6ms (View: 5, DB: 0) | 200 OK [http://localhost/dashboard]


Processing RatelimitingController#index (for 127.0.0.1 at 2009-12-11 21:47:43) [GET]
Rendering template within layouts/application
Rendering ratelimiting/ratelimiting
Completed in 13ms (View: 12, DB: 0) | 200 OK [http://localhost/ratelimiting]


Processing ApplicationController#index (for 127.0.0.1 at 2009-12-11 21:47:49) [GET]

LoadError (Expected /Users/delia/SCHOOL/Narwhal/interface/Narwhal/app/controllers/ipblocking_controller.rb to define IpblockingController):
  

Rendered rescues/_trace (30.7ms)
Rendered rescues/_request_and_response (1.2ms)
Rendering rescues/layout (internal_server_error)


Processing ApplicationController#index (for 127.0.0.1 at 2009-12-11 21:48:03) [GET]

LoadError (Expected /Users/delia/SCHOOL/Narwhal/interface/Narwhal/app/controllers/protocols_controller.rb to define ProtocolsController):
  

Rendered rescues/_trace (80.5ms)
Rendered rescues/_request_and_response (0.3ms)
Rendering rescues/layout (internal_server_error)


Processing ProtocolsController#index (for 127.0.0.1 at 2009-12-11 21:49:15) [GET]

ActionView::MissingTemplate (Missing template protocols/protocols.erb in view path app/views):
  app/controllers/protocols_controller.rb:3:in `index'

Rendering rescues/layout (internal_server_error)


Processing IpblockingController#index (for 127.0.0.1 at 2009-12-11 21:49:30) [GET]

ActionView::MissingTemplate (Missing template ipblocking/ipblocking.erb in view path app/views):
  app/controllers/ipblocking_controller.rb:3:in `index'

Rendering rescues/layout (internal_server_error)


Processing ProtocolsController#index (for 127.0.0.1 at 2009-12-11 21:52:23) [GET]
Rendering template within layouts/application
Rendering protocols/protocols
Completed in 7ms (View: 6, DB: 0) | 200 OK [http://localhost/protocols]


Processing ProtocolsController#index (for 127.0.0.1 at 2009-12-11 21:53:15) [GET]
Rendering template within layouts/application
Rendering protocols/protocols
Completed in 2ms (View: 1, DB: 0) | 200 OK [http://localhost/protocols]


Processing ProtocolsController#index (for 127.0.0.1 at 2009-12-11 21:53:52) [GET]
Rendering template within layouts/application
Rendering protocols/protocols
Completed in 6ms (View: 4, DB: 0) | 200 OK [http://localhost/protocols]


Processing RatelimitingController#index (for 127.0.0.1 at 2009-12-11 21:58:14) [GET]
Rendering template within layouts/application
Rendering ratelimiting/ratelimiting
Completed in 2ms (View: 1, DB: 0) | 200 OK [http://localhost/ratelimiting]


Processing IpblockingController#index (for 127.0.0.1 at 2009-12-11 21:58:58) [GET]
Rendering template within layouts/application
Rendering ipblocking/ipblocking
Completed in 103ms (View: 102, DB: 0) | 200 OK [http://localhost/ipblocking]


Processing IpblockingController#index (for 127.0.0.1 at 2009-12-11 22:16:33) [GET]
Rendering template within layouts/application
Rendering ipblocking/ipblocking
Completed in 8ms (View: 6, DB: 0) | 200 OK [http://localhost/ipblocking]


Processing IpblockingController#index (for 127.0.0.1 at 2009-12-11 22:16:48) [GET]
Rendering template within layouts/application
Rendering ipblocking/ipblocking
Completed in 6ms (View: 5, DB: 0) | 200 OK [http://localhost/ipblocking]


Processing DashboardController#index (for 127.0.0.1 at 2009-12-12 12:20:34) [GET]
Rendering template within layouts/application
Rendering dashboard/overview
Completed in 49ms (View: 47, DB: 0) | 200 OK [http://localhost/dashboard]


Processing DashboardController#index (for 127.0.0.1 at 2009-12-12 12:21:32) [GET]
Rendering template within layouts/application
Rendering dashboard/overview
Completed in 6ms (View: 5, DB: 0) | 200 OK [http://localhost/dashboard]


Processing DashboardController#index (for 127.0.0.1 at 2009-12-12 12:22:19) [GET]
Rendering template within layouts/application
Rendering dashboard/overview
Completed in 2ms (View: 1, DB: 0) | 200 OK [http://localhost/dashboard]


Processing DashboardController#index (for 127.0.0.1 at 2009-12-12 12:26:23) [GET]
Rendering template within layouts/application
Rendering dashboard/overview
Completed in 3ms (View: 1, DB: 0) | 200 OK [http://localhost/dashboard]


Processing DashboardController#index (for 127.0.0.1 at 2009-12-12 12:26:46) [GET]
Rendering template within layouts/application
Rendering dashboard/overview
Completed in 2ms (View: 1, DB: 0) | 200 OK [http://localhost/dashboard]


Processing DashboardController#index (for 127.0.0.1 at 2009-12-12 12:26:58) [GET]
Rendering template within layouts/application
Rendering dashboard/overview
Completed in 3ms (View: 1, DB: 0) | 200 OK [http://localhost/dashboard]


Processing DashboardController#index (for 127.0.0.1 at 2009-12-12 12:27:10) [GET]
Rendering template within layouts/application
Rendering dashboard/overview
Completed in 3ms (View: 1, DB: 0) | 200 OK [http://localhost/dashboard]


Processing DashboardController#index (for 127.0.0.1 at 2009-12-12 12:27:22) [GET]
Rendering template within layouts/application
Rendering dashboard/overview
Completed in 3ms (View: 1, DB: 0) | 200 OK [http://localhost/dashboard]


Processing DashboardController#index (for 127.0.0.1 at 2009-12-12 12:27:33) [GET]
Rendering template within layouts/application
Rendering dashboard/overview
Completed in 2ms (View: 1, DB: 0) | 200 OK [http://localhost/dashboard]


Processing DashboardController#index (for 127.0.0.1 at 2009-12-12 12:28:20) [GET]
Rendering template within layouts/application
Rendering dashboard/overview
Completed in 2ms (View: 1, DB: 0) | 200 OK [http://localhost/dashboard]


Processing DashboardController#index (for 127.0.0.1 at 2009-12-12 12:28:33) [GET]
Rendering template within layouts/application
Rendering dashboard/overview
Completed in 2ms (View: 1, DB: 0) | 200 OK [http://localhost/dashboard]


Processing DashboardController#index (for 127.0.0.1 at 2009-12-12 12:28:41) [GET]
Rendering template within layouts/application
Rendering dashboard/overview
Completed in 2ms (View: 1, DB: 0) | 200 OK [http://localhost/dashboard]


Processing DashboardController#index (for 127.0.0.1 at 2009-12-12 12:28:50) [GET]
Rendering template within layouts/application
Rendering dashboard/overview
Completed in 2ms (View: 1, DB: 0) | 200 OK [http://localhost/dashboard]


Processing DashboardController#index (for 127.0.0.1 at 2009-12-12 12:28:57) [GET]
Rendering template within layouts/application
Rendering dashboard/overview
Completed in 2ms (View: 1, DB: 0) | 200 OK [http://localhost/dashboard]


Processing DashboardController#index (for 127.0.0.1 at 2009-12-12 12:29:05) [GET]
Rendering template within layouts/application
Rendering dashboard/overview
Completed in 3ms (View: 1, DB: 0) | 200 OK [http://localhost/dashboard]


Processing DashboardController#index (for 127.0.0.1 at 2009-12-12 12:29:25) [GET]
Rendering template within layouts/application
Rendering dashboard/overview
Completed in 3ms (View: 2, DB: 0) | 200 OK [http://localhost/dashboard]


Processing DashboardController#index (for 127.0.0.1 at 2009-12-12 12:29:35) [GET]
Rendering template within layouts/application
Rendering dashboard/overview
Completed in 2ms (View: 1, DB: 0) | 200 OK [http://localhost/dashboard]


Processing DashboardController#index (for 127.0.0.1 at 2009-12-12 12:31:04) [GET]
Rendering template within layouts/application
Rendering dashboard/overview
Completed in 2ms (View: 1, DB: 0) | 200 OK [http://localhost/dashboard]


Processing DashboardController#index (for 127.0.0.1 at 2009-12-12 12:32:22) [GET]
Rendering template within layouts/application
Rendering dashboard/overview
Completed in 2ms (View: 1, DB: 0) | 200 OK [http://localhost/dashboard]


Processing DashboardController#index (for 127.0.0.1 at 2009-12-12 12:33:27) [GET]
Rendering template within layouts/application
Rendering dashboard/overview
Completed in 2ms (View: 1, DB: 0) | 200 OK [http://localhost/dashboard]


Processing DashboardController#index (for 127.0.0.1 at 2009-12-12 12:33:39) [GET]
Rendering template within layouts/application
Rendering dashboard/overview
Completed in 2ms (View: 1, DB: 0) | 200 OK [http://localhost/dashboard]


Processing DashboardController#index (for 127.0.0.1 at 2009-12-12 12:33:46) [GET]
Rendering template within layouts/application
Rendering dashboard/overview
Completed in 2ms (View: 1, DB: 0) | 200 OK [http://localhost/dashboard]


Processing DashboardController#index (for 127.0.0.1 at 2009-12-12 12:33:55) [GET]
Rendering template within layouts/application
Rendering dashboard/overview
Completed in 2ms (View: 1, DB: 0) | 200 OK [http://localhost/dashboard]


Processing DashboardController#index (for 127.0.0.1 at 2009-12-12 12:34:11) [GET]
Rendering template within layouts/application
Rendering dashboard/overview
Completed in 2ms (View: 1, DB: 0) | 200 OK [http://localhost/dashboard]


Processing DashboardController#index (for 127.0.0.1 at 2009-12-12 12:34:12) [GET]
Rendering template within layouts/application
Rendering dashboard/overview
Completed in 2ms (View: 1, DB: 0) | 200 OK [http://localhost/dashboard]


Processing DashboardController#index (for 127.0.0.1 at 2009-12-12 12:34:19) [GET]
Rendering template within layouts/application
Rendering dashboard/overview
Completed in 2ms (View: 1, DB: 0) | 200 OK [http://localhost/dashboard]


Processing DashboardController#index (for 127.0.0.1 at 2009-12-12 12:34:20) [GET]
Rendering template within layouts/application
Rendering dashboard/overview
Completed in 2ms (View: 1, DB: 0) | 200 OK [http://localhost/dashboard]


Processing DashboardController#index (for 127.0.0.1 at 2009-12-12 12:36:17) [GET]
Rendering template within layouts/application
Rendering dashboard/overview
Completed in 2ms (View: 1, DB: 0) | 200 OK [http://localhost/dashboard]


Processing DashboardController#index (for 127.0.0.1 at 2009-12-12 12:36:31) [GET]
Rendering template within layouts/application
Rendering dashboard/overview
Completed in 2ms (View: 1, DB: 0) | 200 OK [http://localhost/dashboard]


Processing DashboardController#index (for 127.0.0.1 at 2009-12-12 12:36:37) [GET]
Rendering template within layouts/application
Rendering dashboard/overview
Completed in 2ms (View: 1, DB: 0) | 200 OK [http://localhost/dashboard]


Processing DashboardController#index (for 127.0.0.1 at 2009-12-12 12:49:12) [GET]
Rendering template within layouts/application
Rendering dashboard/overview
Completed in 12ms (View: 10, DB: 0) | 200 OK [http://localhost/dashboard]


Processing DashboardController#index (for 127.0.0.1 at 2009-12-12 12:49:14) [GET]
Rendering template within layouts/application
Rendering dashboard/overview
Completed in 2ms (View: 1, DB: 0) | 200 OK [http://localhost/dashboard]


Processing DashboardController#index (for 127.0.0.1 at 2009-12-12 12:49:34) [GET]
Rendering template within layouts/application
Rendering dashboard/overview
Completed in 6ms (View: 5, DB: 0) | 200 OK [http://localhost/dashboard]


Processing DashboardController#index (for 127.0.0.1 at 2009-12-12 12:55:20) [GET]
Rendering template within layouts/application
Rendering dashboard/overview
Completed in 13ms (View: 11, DB: 0) | 200 OK [http://localhost/dashboard]


Processing DashboardController#rate (for 127.0.0.1 at 2009-12-12 12:55:22) [GET]
Rendering template within layouts/application
Rendering dashboard/rate
Completed in 6ms (View: 5, DB: 0) | 200 OK [http://localhost/dashboard/rate]


Processing ApplicationController#index (for 127.0.0.1 at 2009-12-12 12:55:23) [GET]

ActionController::RoutingError (No route matches "/dashbaord/ip" with {:method=>:get}):
  

Rendering rescues/layout (not_found)


Processing DashboardController#index (for 127.0.0.1 at 2009-12-12 12:57:07) [GET]
Rendering template within layouts/application
Rendering dashboard/overview
Completed in 12ms (View: 10, DB: 0) | 200 OK [http://localhost/dashboard]


Processing DashboardController#rate (for 127.0.0.1 at 2009-12-12 12:57:09) [GET]
Rendering template within layouts/application
Rendering dashboard/rate
Completed in 6ms (View: 5, DB: 0) | 200 OK [http://localhost/dashboard/rate]


Processing DashboardController#ip (for 127.0.0.1 at 2009-12-12 12:57:09) [GET]
Rendering template within layouts/application
Rendering dashboard/ip
Completed in 6ms (View: 5, DB: 0) | 200 OK [http://localhost/dashboard/ip]


Processing DashboardController#protocols (for 127.0.0.1 at 2009-12-12 12:57:11) [GET]
Rendering template within layouts/application
Rendering dashboard/protocols
Completed in 7ms (View: 6, DB: 0) | 200 OK [http://localhost/dashboard/protocols]


Processing DashboardController#overview (for 127.0.0.1 at 2009-12-12 12:57:12) [GET]
Rendering template within layouts/application
Rendering dashboard/overview
Completed in 2ms (View: 1, DB: 0) | 200 OK [http://localhost/dashboard/overview]


Processing DashboardController#rate (for 127.0.0.1 at 2009-12-12 12:57:13) [GET]
Rendering template within layouts/application
Rendering dashboard/rate
Completed in 2ms (View: 1, DB: 0) | 200 OK [http://localhost/dashboard/rate]


Processing DashboardController#ip (for 127.0.0.1 at 2009-12-12 12:57:13) [GET]
Rendering template within layouts/application
Rendering dashboard/ip
Completed in 2ms (View: 1, DB: 0) | 200 OK [http://localhost/dashboard/ip]


Processing DashboardController#protocols (for 127.0.0.1 at 2009-12-12 12:57:14) [GET]
Rendering template within layouts/application
Rendering dashboard/protocols
Completed in 2ms (View: 1, DB: 0) | 200 OK [http://localhost/dashboard/protocols]


Processing DashboardController#index (for 127.0.0.1 at 2009-12-12 13:14:08) [GET]
Rendering template within layouts/application
Rendering dashboard/overview
Completed in 25ms (View: 24, DB: 0) | 200 OK [http://localhost/dashboard]


Processing DashboardController#index (for 127.0.0.1 at 2009-12-12 13:14:35) [GET]
Rendering template within layouts/application
Rendering dashboard/overview
Completed in 3ms (View: 2, DB: 0) | 200 OK [http://localhost/dashboard]


Processing DashboardController#index (for 127.0.0.1 at 2009-12-12 13:17:33) [GET]
Rendering template within layouts/application
Rendering dashboard/overview
Completed in 7ms (View: 5, DB: 0) | 200 OK [http://localhost/dashboard]


Processing DashboardController#index (for 127.0.0.1 at 2009-12-12 13:17:36) [GET]
Rendering template within layouts/application
Rendering dashboard/overview
Completed in 4ms (View: 2, DB: 0) | 200 OK [http://localhost/dashboard]


Processing DashboardController#index (for 127.0.0.1 at 2009-12-12 13:18:26) [GET]
Rendering template within layouts/application
Rendering dashboard/overview
Completed in 11ms (View: 9, DB: 0) | 200 OK [http://localhost/dashboard]


Processing DashboardController#index (for 127.0.0.1 at 2009-12-12 13:19:07) [GET]
Rendering template within layouts/application
Rendering dashboard/overview
Completed in 3ms (View: 2, DB: 0) | 200 OK [http://localhost/dashboard]


Processing DashboardController#index (for 127.0.0.1 at 2009-12-12 13:21:17) [GET]
Rendering template within layouts/application
Rendering dashboard/overview
Completed in 7ms (View: 6, DB: 0) | 200 OK [http://localhost/dashboard]


Processing DashboardController#index (for 127.0.0.1 at 2009-12-12 13:22:22) [GET]
Rendering template within layouts/application
Rendering dashboard/overview
Completed in 7ms (View: 6, DB: 0) | 200 OK [http://localhost/dashboard]


Processing DashboardController#index (for 127.0.0.1 at 2009-12-12 13:22:29) [GET]
Rendering template within layouts/application
Rendering dashboard/overview
Completed in 3ms (View: 2, DB: 0) | 200 OK [http://localhost/dashboard]


Processing DashboardController#index (for 127.0.0.1 at 2009-12-12 13:23:17) [GET]
Rendering template within layouts/application
Rendering dashboard/overview
Completed in 8ms (View: 6, DB: 0) | 200 OK [http://localhost/dashboard]


Processing DashboardController#index (for 127.0.0.1 at 2009-12-12 13:23:37) [GET]
Rendering template within layouts/application
Rendering dashboard/overview
Completed in 4ms (View: 2, DB: 0) | 200 OK [http://localhost/dashboard]


Processing DashboardController#index (for 127.0.0.1 at 2009-12-12 13:23:51) [GET]
Rendering template within layouts/application
Rendering dashboard/overview
Completed in 3ms (View: 2, DB: 0) | 200 OK [http://localhost/dashboard]


Processing DashboardController#index (for 127.0.0.1 at 2009-12-12 13:30:18) [GET]
Rendering template within layouts/application
Rendering dashboard/overview
Completed in 10ms (View: 9, DB: 0) | 200 OK [http://localhost/dashboard]


Processing DashboardController#rate (for 127.0.0.1 at 2009-12-12 13:30:23) [GET]
Rendering template within layouts/application
Rendering dashboard/rate
Completed in 6ms (View: 5, DB: 0) | 200 OK [http://localhost/dashboard/rate]


Processing DashboardController#overview (for 127.0.0.1 at 2009-12-12 13:30:24) [GET]
Rendering template within layouts/application
Rendering dashboard/overview
Completed in 3ms (View: 2, DB: 0) | 200 OK [http://localhost/dashboard/overview]


Processing DashboardController#rate (for 127.0.0.1 at 2009-12-12 13:30:25) [GET]
Rendering template within layouts/application
Rendering dashboard/rate
Completed in 3ms (View: 1, DB: 0) | 200 OK [http://localhost/dashboard/rate]


Processing DashboardController#overview (for 127.0.0.1 at 2009-12-12 13:30:26) [GET]
Rendering template within layouts/application
Rendering dashboard/overview
Completed in 3ms (View: 2, DB: 0) | 200 OK [http://localhost/dashboard/overview]


Processing DashboardController#overview (for 127.0.0.1 at 2009-12-12 13:31:18) [GET]
Rendering template within layouts/application
Rendering dashboard/overview
Completed in 7ms (View: 6, DB: 0) | 200 OK [http://localhost/dashboard/overview]


Processing DashboardController#rate (for 127.0.0.1 at 2009-12-12 13:31:19) [GET]
Rendering template within layouts/application
Rendering dashboard/rate
Completed in 6ms (View: 5, DB: 0) | 200 OK [http://localhost/dashboard/rate]


Processing DashboardController#ip (for 127.0.0.1 at 2009-12-12 13:31:19) [GET]
Rendering template within layouts/application
Rendering dashboard/ip
Completed in 63ms (View: 62, DB: 0) | 200 OK [http://localhost/dashboard/ip]


Processing DashboardController#protocols (for 127.0.0.1 at 2009-12-12 13:31:20) [GET]
Rendering template within layouts/application
Rendering dashboard/protocols
Completed in 6ms (View: 4, DB: 0) | 200 OK [http://localhost/dashboard/protocols]


Processing DashboardController#overview (for 127.0.0.1 at 2009-12-12 13:31:21) [GET]
Rendering template within layouts/application
Rendering dashboard/overview
Completed in 3ms (View: 2, DB: 0) | 200 OK [http://localhost/dashboard/overview]


Processing DashboardController#rate (for 127.0.0.1 at 2009-12-12 13:37:14) [GET]
Rendering template within layouts/application
Rendering dashboard/rate
Completed in 14ms (View: 12, DB: 0) | 200 OK [http://localhost/dashboard/rate]


Processing DashboardController#overview (for 127.0.0.1 at 2009-12-12 13:37:19) [GET]
Rendering template within layouts/application
Rendering dashboard/overview
Completed in 18ms (View: 16, DB: 0) | 200 OK [http://localhost/dashboard/overview]


Processing DashboardController#rate (for 127.0.0.1 at 2009-12-12 13:37:57) [GET]
Rendering template within layouts/application
Rendering dashboard/rate
Completed in 2ms (View: 1, DB: 0) | 200 OK [http://localhost/dashboard/rate]


Processing DashboardController#ip (for 127.0.0.1 at 2009-12-12 13:37:58) [GET]
Rendering template within layouts/application
Rendering dashboard/ip
Completed in 6ms (View: 5, DB: 0) | 200 OK [http://localhost/dashboard/ip]


Processing DashboardController#protocols (for 127.0.0.1 at 2009-12-12 13:37:59) [GET]
Rendering template within layouts/application
Rendering dashboard/protocols
Completed in 7ms (View: 5, DB: 0) | 200 OK [http://localhost/dashboard/protocols]


Processing DashboardController#overview (for 127.0.0.1 at 2009-12-12 13:38:00) [GET]
Rendering template within layouts/application
Rendering dashboard/overview
Completed in 3ms (View: 2, DB: 0) | 200 OK [http://localhost/dashboard/overview]


Processing DashboardController#overview (for 127.0.0.1 at 2009-12-12 13:39:07) [GET]
Rendering template within layouts/application
Rendering dashboard/overview
Completed in 3ms (View: 2, DB: 0) | 200 OK [http://localhost/dashboard/overview]


Processing DashboardController#rate (for 127.0.0.1 at 2009-12-12 13:39:25) [GET]
Rendering template within layouts/application
Rendering dashboard/rate
Completed in 2ms (View: 1, DB: 0) | 200 OK [http://localhost/dashboard/rate]


Processing DashboardController#ip (for 127.0.0.1 at 2009-12-12 13:39:26) [GET]
Rendering template within layouts/application
Rendering dashboard/ip
Completed in 2ms (View: 1, DB: 0) | 200 OK [http://localhost/dashboard/ip]


Processing DashboardController#protocols (for 127.0.0.1 at 2009-12-12 13:39:26) [GET]
Rendering template within layouts/application
Rendering dashboard/protocols
Completed in 2ms (View: 1, DB: 0) | 200 OK [http://localhost/dashboard/protocols]


Processing DashboardController#overview (for 127.0.0.1 at 2009-12-12 13:39:27) [GET]
Rendering template within layouts/application
Rendering dashboard/overview
Completed in 4ms (View: 2, DB: 0) | 200 OK [http://localhost/dashboard/overview]



Processing DashboardController#overview (for 127.0.0.1 at 2009-12-12 13:46:09) [GET]
Rendering template within layouts/application
Rendering dashboard/overview
Completed in 24ms (View: 22, DB: 0) | 200 OK [http://localhost/dashboard/overview]


Processing DashboardController#overview (for 127.0.0.1 at 2009-12-12 13:47:39) [GET]
Rendering template within layouts/application
Rendering dashboard/overview
Completed in 8ms (View: 6, DB: 0) | 200 OK [http://localhost/dashboard/overview]


Processing DashboardController#overview (for 127.0.0.1 at 2009-12-12 13:47:41) [GET]
Rendering template within layouts/application
Rendering dashboard/overview
Completed in 4ms (View: 3, DB: 0) | 200 OK [http://localhost/dashboard/overview]


Processing DashboardController#overview (for 127.0.0.1 at 2009-12-12 13:48:09) [GET]
Rendering template within layouts/application
Rendering dashboard/overview
Completed in 4ms (View: 3, DB: 0) | 200 OK [http://localhost/dashboard/overview]


Processing DashboardController#overview (for 127.0.0.1 at 2009-12-12 13:48:10) [GET]
Rendering template within layouts/application
Rendering dashboard/overview
Completed in 4ms (View: 3, DB: 0) | 200 OK [http://localhost/dashboard/overview]


Processing DashboardController#overview (for 127.0.0.1 at 2009-12-12 13:48:11) [GET]
Rendering template within layouts/application
Rendering dashboard/overview
Completed in 4ms (View: 3, DB: 0) | 200 OK [http://localhost/dashboard/overview]


Processing DashboardController#overview (for 127.0.0.1 at 2009-12-12 13:48:19) [GET]
Rendering template within layouts/application
Rendering dashboard/overview
Completed in 4ms (View: 3, DB: 0) | 200 OK [http://localhost/dashboard/overview]


Processing DashboardController#overview (for 127.0.0.1 at 2009-12-12 13:48:30) [GET]
Rendering template within layouts/application
Rendering dashboard/overview
Completed in 8ms (View: 6, DB: 0) | 200 OK [http://localhost/dashboard/overview]


Processing DashboardController#rate (for 127.0.0.1 at 2009-12-12 13:48:35) [GET]
Rendering template within layouts/application
Rendering dashboard/rate
Completed in 6ms (View: 5, DB: 0) | 200 OK [http://localhost/dashboard/rate]


Processing DashboardController#ip (for 127.0.0.1 at 2009-12-12 13:48:37) [GET]
Rendering template within layouts/application
Rendering dashboard/ip
Completed in 6ms (View: 5, DB: 0) | 200 OK [http://localhost/dashboard/ip]


Processing DashboardController#overview (for 127.0.0.1 at 2009-12-12 13:48:38) [GET]
Rendering template within layouts/application
Rendering dashboard/overview
Completed in 4ms (View: 3, DB: 0) | 200 OK [http://localhost/dashboard/overview]


Processing DashboardController#overview (for 127.0.0.1 at 2009-12-12 13:49:02) [GET]
Rendering template within layouts/application
Rendering dashboard/overview
Completed in 7ms (View: 6, DB: 0) | 200 OK [http://localhost/dashboard/overview]


Processing DashboardController#overview (for 127.0.0.1 at 2009-12-12 13:50:50) [GET]
Rendering template within layouts/application
Rendering dashboard/overview
Completed in 4ms (View: 3, DB: 0) | 200 OK [http://localhost/dashboard/overview]


Processing DashboardController#overview (for 127.0.0.1 at 2009-12-12 13:51:37) [GET]
Rendering template within layouts/application
Rendering dashboard/overview
Completed in 4ms (View: 3, DB: 0) | 200 OK [http://localhost/dashboard/overview]


Processing DashboardController#overview (for 127.0.0.1 at 2009-12-12 13:52:04) [GET]
Rendering template within layouts/application
Rendering dashboard/overview
Completed in 4ms (View: 3, DB: 0) | 200 OK [http://localhost/dashboard/overview]


Processing DashboardController#overview (for 127.0.0.1 at 2009-12-12 13:52:26) [GET]
Rendering template within layouts/application
Rendering dashboard/overview
Completed in 4ms (View: 3, DB: 0) | 200 OK [http://localhost/dashboard/overview]


Processing DashboardController#overview (for 127.0.0.1 at 2009-12-12 13:57:10) [GET]
Rendering template within layouts/application
Rendering dashboard/overview
Completed in 4ms (View: 3, DB: 0) | 200 OK [http://localhost/dashboard/overview]


Processing DashboardController#overview (for 127.0.0.1 at 2009-12-12 13:57:29) [GET]
Rendering template within layouts/application
Rendering dashboard/overview
Completed in 23ms (View: 21, DB: 0) | 200 OK [http://localhost/dashboard/overview]


Processing DashboardController#overview (for 127.0.0.1 at 2009-12-12 13:57:30) [GET]
Rendering template within layouts/application
Rendering dashboard/overview
Completed in 4ms (View: 3, DB: 0) | 200 OK [http://localhost/dashboard/overview]


Processing DashboardController#overview (for 127.0.0.1 at 2009-12-12 13:58:08) [GET]
Rendering template within layouts/application
Rendering dashboard/overview
Completed in 4ms (View: 3, DB: 0) | 200 OK [http://localhost/dashboard/overview]


Processing DashboardController#overview (for 127.0.0.1 at 2009-12-12 13:58:58) [GET]
Rendering template within layouts/application
Rendering dashboard/overview
Completed in 4ms (View: 3, DB: 0) | 200 OK [http://localhost/dashboard/overview]


Processing DashboardController#overview (for 127.0.0.1 at 2009-12-12 13:59:28) [GET]
Rendering template within layouts/application
Rendering dashboard/overview
Completed in 4ms (View: 3, DB: 0) | 200 OK [http://localhost/dashboard/overview]


Processing DashboardController#overview (for 127.0.0.1 at 2009-12-12 13:59:53) [GET]
Rendering template within layouts/application
Rendering dashboard/overview
Completed in 5ms (View: 3, DB: 0) | 200 OK [http://localhost/dashboard/overview]


Processing DashboardController#overview (for 127.0.0.1 at 2009-12-12 14:00:08) [GET]
Rendering template within layouts/application
Rendering dashboard/overview
Completed in 4ms (View: 3, DB: 0) | 200 OK [http://localhost/dashboard/overview]


Processing DashboardController#overview (for 127.0.0.1 at 2009-12-12 14:12:49) [GET]
Rendering template within layouts/application
Rendering dashboard/overview
Completed in 24ms (View: 23, DB: 0) | 200 OK [http://localhost/dashboard/overview]


Processing DashboardController#overview (for 127.0.0.1 at 2009-12-12 14:29:28) [GET]
Rendering template within layouts/application
Rendering dashboard/overview
Completed in 7ms (View: 6, DB: 0) | 200 OK [http://localhost/dashboard/overview]


Processing DashboardController#overview (for 127.0.0.1 at 2009-12-12 14:38:31) [GET]
Rendering template within layouts/application
Rendering dashboard/overview
Completed in 9ms (View: 7, DB: 0) | 200 OK [http://localhost/dashboard/overview]


Processing DashboardController#overview (for 127.0.0.1 at 2009-12-12 14:39:18) [GET]
Rendering template within layouts/application
Rendering dashboard/overview
Completed in 26ms (View: 25, DB: 0) | 200 OK [http://localhost/dashboard/overview]


Processing DashboardController#overview (for 127.0.0.1 at 2009-12-12 14:42:33) [GET]
Rendering template within layouts/application
Rendering dashboard/overview
Completed in 11ms (View: 10, DB: 0) | 200 OK [http://localhost/dashboard/overview]


Processing DashboardController#overview (for 127.0.0.1 at 2009-12-12 14:43:28) [GET]
Rendering template within layouts/application
Rendering dashboard/overview
Completed in 12ms (View: 10, DB: 0) | 200 OK [http://localhost/dashboard/overview]


Processing DashboardController#overview (for 127.0.0.1 at 2009-12-12 14:44:34) [GET]
Rendering template within layouts/application
Rendering dashboard/overview
Completed in 11ms (View: 9, DB: 0) | 200 OK [http://localhost/dashboard/overview]


Processing DashboardController#overview (for 127.0.0.1 at 2009-12-12 14:44:50) [GET]
Rendering template within layouts/application
Rendering dashboard/overview
Completed in 11ms (View: 10, DB: 0) | 200 OK [http://localhost/dashboard/overview]


Processing DashboardController#overview (for 127.0.0.1 at 2009-12-12 14:45:29) [GET]
Rendering template within layouts/application
Rendering dashboard/overview
Completed in 11ms (View: 9, DB: 0) | 200 OK [http://localhost/dashboard/overview]


Processing DashboardController#overview (for 127.0.0.1 at 2009-12-12 14:46:01) [GET]
Rendering template within layouts/application
Rendering dashboard/overview
Completed in 11ms (View: 9, DB: 0) | 200 OK [http://localhost/dashboard/overview]


Processing DashboardController#overview (for 127.0.0.1 at 2009-12-12 14:46:43) [GET]
Rendering template within layouts/application
Rendering dashboard/overview
Completed in 10ms (View: 9, DB: 0) | 200 OK [http://localhost/dashboard/overview]


Processing DashboardController#overview (for 127.0.0.1 at 2009-12-12 14:46:44) [GET]
Rendering template within layouts/application
Rendering dashboard/overview
Completed in 6ms (View: 5, DB: 0) | 200 OK [http://localhost/dashboard/overview]


Processing DashboardController#overview (for 127.0.0.1 at 2009-12-12 14:46:45) [GET]
Rendering template within layouts/application
Rendering dashboard/overview
Completed in 6ms (View: 5, DB: 0) | 200 OK [http://localhost/dashboard/overview]


Processing DashboardController#overview (for 127.0.0.1 at 2009-12-12 14:46:56) [GET]
Rendering template within layouts/application
Rendering dashboard/overview
Completed in 10ms (View: 8, DB: 0) | 200 OK [http://localhost/dashboard/overview]


Processing DashboardController#overview (for 127.0.0.1 at 2009-12-12 14:49:10) [GET]
Rendering template within layouts/application
Rendering dashboard/overview
Completed in 25ms (View: 24, DB: 0) | 200 OK [http://localhost/dashboard/overview]


Processing DashboardController#rate (for 127.0.0.1 at 2009-12-12 14:57:16) [GET]
Rendering template within layouts/application
Rendering dashboard/rate
Completed in 8ms (View: 6, DB: 0) | 200 OK [http://localhost/dashboard/rate]


Processing DashboardController#ip (for 127.0.0.1 at 2009-12-12 14:57:17) [GET]
Rendering template within layouts/application
Rendering dashboard/ip
Completed in 8ms (View: 7, DB: 0) | 200 OK [http://localhost/dashboard/ip]


Processing DashboardController#protocols (for 127.0.0.1 at 2009-12-12 14:57:17) [GET]
Rendering template within layouts/application
Rendering dashboard/protocols
Completed in 7ms (View: 6, DB: 0) | 200 OK [http://localhost/dashboard/protocols]


Processing DashboardController#overview (for 127.0.0.1 at 2009-12-12 14:57:18) [GET]
Rendering template within layouts/application
Rendering dashboard/overview
Completed in 11ms (View: 9, DB: 0) | 200 OK [http://localhost/dashboard/overview]


Processing DashboardController#overview (for 127.0.0.1 at 2009-12-12 14:58:29) [GET]
Rendering template within layouts/application
Rendering dashboard/overview
Completed in 10ms (View: 8, DB: 0) | 200 OK [http://localhost/dashboard/overview]


Processing DashboardController#overview (for 127.0.0.1 at 2009-12-12 14:58:54) [GET]
Rendering template within layouts/application
Rendering dashboard/overview
Completed in 11ms (View: 9, DB: 0) | 200 OK [http://localhost/dashboard/overview]


Processing DashboardController#overview (for 127.0.0.1 at 2009-12-12 14:58:59) [GET]
Rendering template within layouts/application
Rendering dashboard/overview
Completed in 6ms (View: 5, DB: 0) | 200 OK [http://localhost/dashboard/overview]


Processing DashboardController#overview (for 127.0.0.1 at 2009-12-12 14:59:59) [GET]
Rendering template within layouts/application
Rendering dashboard/overview
Completed in 10ms (View: 9, DB: 0) | 200 OK [http://localhost/dashboard/overview]


Processing DashboardController#overview (for 127.0.0.1 at 2009-12-12 15:11:28) [GET]

NoMethodError (undefined method `in_place_edit_for' for #<DashboardController:0x101225ab8>):
  app/controllers/dashboard_controller.rb:11:in `overview'

Rendered rescues/_trace (89.6ms)
Rendered rescues/_request_and_response (1.2ms)
Rendering rescues/layout (internal_server_error)


Processing DashboardController#overview (for 127.0.0.1 at 2009-12-12 15:11:51) [GET]

NoMethodError (undefined method `in_place_edit_for' for #<DashboardController:0x1011d8d30>):
  app/controllers/dashboard_controller.rb:11:in `overview'

Rendered rescues/_trace (86.0ms)
Rendered rescues/_request_and_response (1.2ms)
Rendering rescues/layout (internal_server_error)


Processing DashboardController#overview (for 127.0.0.1 at 2009-12-12 15:11:53) [GET]

NoMethodError (undefined method `in_place_edit_for' for #<DashboardController:0x1043d8d08>):
  app/controllers/dashboard_controller.rb:11:in `overview'

Rendered rescues/_trace (32.6ms)
Rendered rescues/_request_and_response (0.3ms)
Rendering rescues/layout (internal_server_error)


Processing DashboardController#overview (for 127.0.0.1 at 2009-12-12 15:11:54) [GET]

NoMethodError (undefined method `in_place_edit_for' for #<DashboardController:0x104268dd8>):
  app/controllers/dashboard_controller.rb:11:in `overview'

Rendered rescues/_trace (100.4ms)
Rendered rescues/_request_and_response (0.3ms)
Rendering rescues/layout (internal_server_error)


Processing DashboardController#overview (for 127.0.0.1 at 2009-12-12 15:21:36) [GET]
Rendering template within layouts/application
Rendering dashboard/overview

ActionView::TemplateError (undefined method `name' for nil:NilClass) on line #5 of app/views/dashboard/overview.html.erb:
2:   page.visual_effect(:toggle_blind, 'hidden_chart')
3: end %>
4: 
5: <span id="test_edit"><%= @users.name %></span>  
6: 
7: <%= in_place_editor "test_edit", {:url => url_for(:action => :edit_num) } %>
8: 

    app/views/dashboard/overview.html.erb:5
    app/controllers/dashboard_controller.rb:23:in `overview'

Rendered rescues/_trace (42.3ms)
Rendered rescues/_request_and_response (1.3ms)
Rendering rescues/layout (internal_server_error)


Processing DashboardController#overview (for 127.0.0.1 at 2009-12-12 15:22:34) [GET]
Rendering template within layouts/application
Rendering dashboard/overview
Completed in 50ms (View: 48, DB: 0) | 200 OK [http://localhost/dashboard/overview]


Processing DashboardController#edit_num (for 127.0.0.1 at 2009-12-12 15:22:45) [POST]
  Parameters: {"authenticity_token"=>"JY4jyMxg6DKA/2+PS67Rp1HmlIvpNY+9J4W46yphagQ=", "value"=>"45", "_"=>"", "editorId"=>"test_edit"}

ArgumentError (wrong number of arguments (1 for 0)):
  app/controllers/dashboard_controller.rb:10:in `flash'
  app/controllers/dashboard_controller.rb:10:in `edit_num'

Rendered rescues/_trace (98.3ms)
Rendered rescues/_request_and_response (0.3ms)
Rendering rescues/layout (internal_server_error)


Processing DashboardController#overview (for 127.0.0.1 at 2009-12-12 15:24:01) [GET]
Rendering template within layouts/application
Rendering dashboard/overview
Completed in 84ms (View: 83, DB: 0) | 200 OK [http://localhost/dashboard/overview]


Processing DashboardController#edit_num (for 127.0.0.1 at 2009-12-12 15:24:05) [POST]
  Parameters: {"authenticity_token"=>"JY4jyMxg6DKA/2+PS67Rp1HmlIvpNY+9J4W46yphagQ=", "value"=>"45", "_"=>"", "editorId"=>"test_edit"}

ActionView::MissingTemplate (Missing template dashboard/edit_num.erb in view path app/views):
  

Rendering rescues/layout (internal_server_error)


Processing DashboardController#overview (for 127.0.0.1 at 2009-12-12 15:24:45) [GET]
Rendering template within layouts/application
Rendering dashboard/overview
Completed in 84ms (View: 83, DB: 0) | 200 OK [http://localhost/dashboard/overview]


Processing DashboardController#edit_num (for 127.0.0.1 at 2009-12-12 15:24:48) [POST]
  Parameters: {"authenticity_token"=>"JY4jyMxg6DKA/2+PS67Rp1HmlIvpNY+9J4W46yphagQ=", "value"=>"45", "_"=>"", "editorId"=>"test_edit"}
Rendering template within layouts/application
Rendering dashboard/overview
Completed in 7ms (View: 6, DB: 0) | 200 OK [http://localhost/dashboard/edit_num]


Processing DashboardController#overview (for 127.0.0.1 at 2009-12-12 15:26:11) [GET]
Rendering template within layouts/application
Rendering dashboard/overview
Completed in 7ms (View: 5, DB: 0) | 200 OK [http://localhost/dashboard/overview]


Processing DashboardController#edit_num (for 127.0.0.1 at 2009-12-12 15:26:14) [POST]
  Parameters: {"authenticity_token"=>"JY4jyMxg6DKA/2+PS67Rp1HmlIvpNY+9J4W46yphagQ=", "value"=>"5", "_"=>"", "editorId"=>"test_edit"}
Rendering template within layouts/application
Rendering dashboard/overview

ActionView::TemplateError (undefined method `to_url' for nil:NilClass) on line #10 of app/views/dashboard/overview.html.erb:
7: <%= in_place_editor "test_edit", {:url => url_for(:action => :edit_num) } %>
8: 
9: <div id="hidden_chart">
10:   <%= image_tag @chart.to_url, :size =>"500x300" %>
11: </div>

    app/views/dashboard/overview.html.erb:10
    app/controllers/dashboard_controller.rb:11:in `edit_num'

Rendered rescues/_trace (42.6ms)
Rendered rescues/_request_and_response (1.3ms)
Rendering rescues/layout (internal_server_error)


Processing DashboardController#overview (for 127.0.0.1 at 2009-12-12 15:26:50) [GET]
Rendering template within layouts/application
Rendering dashboard/overview
Completed in 69ms (View: 6, DB: 0) | 200 OK [http://localhost/dashboard/overview]


Processing DashboardController#edit_num (for 127.0.0.1 at 2009-12-12 15:26:53) [POST]
  Parameters: {"authenticity_token"=>"JY4jyMxg6DKA/2+PS67Rp1HmlIvpNY+9J4W46yphagQ=", "value"=>"23", "_"=>"", "editorId"=>"test_edit"}

NoMethodError (undefined method `overview_url' for #<DashboardController:0x104481fc0>):
  app/controllers/dashboard_controller.rb:11:in `edit_num'

Rendered rescues/_trace (34.5ms)
Rendered rescues/_request_and_response (0.3ms)
Rendering rescues/layout (internal_server_error)


Processing DashboardController#overview (for 127.0.0.1 at 2009-12-12 15:28:57) [GET]
Rendering template within layouts/application
Rendering dashboard/overview
Completed in 85ms (View: 83, DB: 0) | 200 OK [http://localhost/dashboard/overview]


Processing DashboardController#edit_num (for 127.0.0.1 at 2009-12-12 15:29:01) [POST]
  Parameters: {"authenticity_token"=>"JY4jyMxg6DKA/2+PS67Rp1HmlIvpNY+9J4W46yphagQ=", "value"=>"45", "_"=>"", "editorId"=>"test_edit"}
Completed in 2ms (View: 1, DB: 0) | 200 OK [http://localhost/dashboard/edit_num]


Processing DashboardController#overview (for 127.0.0.1 at 2009-12-12 15:29:47) [GET]
Rendering template within layouts/application
Rendering dashboard/overview
Completed in 84ms (View: 83, DB: 0) | 200 OK [http://localhost/dashboard/overview]


Processing DashboardController#edit_num (for 127.0.0.1 at 2009-12-12 15:29:50) [POST]
  Parameters: {"authenticity_token"=>"JY4jyMxg6DKA/2+PS67Rp1HmlIvpNY+9J4W46yphagQ=", "value"=>"23", "_"=>"", "editorId"=>"test_edit"}
Completed in 2ms (View: 1, DB: 0) | 200 OK [http://localhost/dashboard/edit_num]


Processing DashboardController#overview (for 127.0.0.1 at 2009-12-12 15:32:24) [GET]
Rendering template within layouts/application
Rendering dashboard/overview
Completed in 84ms (View: 83, DB: 0) | 200 OK [http://localhost/dashboard/overview]


Processing DashboardController#edit_num (for 127.0.0.1 at 2009-12-12 15:32:28) [POST]
  Parameters: {"authenticity_token"=>"JY4jyMxg6DKA/2+PS67Rp1HmlIvpNY+9J4W46yphagQ=", "value"=>"45", "_"=>"", "editorId"=>"test_edit"}
Completed in 2ms (View: 1, DB: 0) | 200 OK [http://localhost/dashboard/edit_num]


Processing DashboardController#overview (for 127.0.0.1 at 2009-12-12 15:32:48) [GET]
Rendering template within layouts/application
Rendering dashboard/overview
Completed in 10ms (View: 9, DB: 0) | 200 OK [http://localhost/dashboard/overview]


Processing DashboardController#edit_num (for 127.0.0.1 at 2009-12-12 15:32:50) [POST]
  Parameters: {"authenticity_token"=>"JY4jyMxg6DKA/2+PS67Rp1HmlIvpNY+9J4W46yphagQ=", "value"=>"5", "_"=>"", "editorId"=>"test_edit"}
Completed in 2ms (View: 1, DB: 0) | 200 OK [http://localhost/dashboard/edit_num]


Processing DashboardController#overview (for 127.0.0.1 at 2009-12-12 15:34:27) [GET]
Rendering template within layouts/application
Rendering dashboard/overview

ActionView::TemplateError (undefined local variable or method `flash_helper' for #<ActionView::Base:0x10437c5a8>) on line #4 of app/views/layouts/application.html.erb:
1: <%= stylesheet_link_tag 'tabnav' %>
2: <%= javascript_include_tag :defaults %>
3: 
4: <%= flash_helper %>
5: 
6: <ul id="nav">
7:   <li id="nav_dash" class = <%= @nav_over %> ><a href="/dashboard/overview">dashboard</a></li>

    app/views/layouts/application.html.erb:4
    app/controllers/dashboard_controller.rb:24:in `overview'

Rendered rescues/_trace (102.9ms)
Rendered rescues/_request_and_response (1.2ms)
Rendering rescues/layout (internal_server_error)


Processing DashboardController#overview (for 127.0.0.1 at 2009-12-12 15:34:42) [GET]
Rendering template within layouts/application
Rendering dashboard/overview
Completed in 10ms (View: 9, DB: 0) | 200 OK [http://localhost/dashboard/overview]


Processing DashboardController#edit_num (for 127.0.0.1 at 2009-12-12 15:34:46) [POST]
  Parameters: {"authenticity_token"=>"JY4jyMxg6DKA/2+PS67Rp1HmlIvpNY+9J4W46yphagQ=", "value"=>"45", "_"=>"", "editorId"=>"test_edit"}
Completed in 2ms (View: 1, DB: 0) | 200 OK [http://localhost/dashboard/edit_num]


Processing DashboardController#edit_num (for 127.0.0.1 at 2009-12-12 15:34:50) [POST]
  Parameters: {"authenticity_token"=>"JY4jyMxg6DKA/2+PS67Rp1HmlIvpNY+9J4W46yphagQ=", "value"=>"55", "_"=>"", "editorId"=>"test_edit"}
Completed in 2ms (View: 1, DB: 0) | 200 OK [http://localhost/dashboard/edit_num]


Processing DashboardController#overview (for 127.0.0.1 at 2009-12-12 15:37:54) [GET]
Rendering template within layouts/application
Rendering dashboard/overview
Completed in 7ms (View: 6, DB: 0) | 200 OK [http://localhost/dashboard/overview]


Processing DashboardController#edit_num (for 127.0.0.1 at 2009-12-12 15:38:00) [POST]
  Parameters: {"authenticity_token"=>"JY4jyMxg6DKA/2+PS67Rp1HmlIvpNY+9J4W46yphagQ=", "value"=>"55", "_"=>"", "editorId"=>"test_edit"}
Completed in 2ms (View: 1, DB: 0) | 200 OK [http://localhost/dashboard/edit_num]


Processing DashboardController#overview (for 127.0.0.1 at 2009-12-12 15:39:00) [GET]
Rendering template within layouts/application
Rendering dashboard/overview
Completed in 7ms (View: 6, DB: 0) | 200 OK [http://localhost/dashboard/overview]


Processing DashboardController#edit_num (for 127.0.0.1 at 2009-12-12 15:39:05) [POST]
  Parameters: {"authenticity_token"=>"JY4jyMxg6DKA/2+PS67Rp1HmlIvpNY+9J4W46yphagQ=", "value"=>"55", "_"=>"", "editorId"=>"test_edit"}

NoMethodError (undefined method `overview_url' for #<DashboardController:0x1041e4f10>):
  app/controllers/dashboard_controller.rb:12:in `edit_num'

Rendered rescues/_trace (89.1ms)
Rendered rescues/_request_and_response (0.3ms)
Rendering rescues/layout (internal_server_error)


Processing DashboardController#overview (for 127.0.0.1 at 2009-12-12 15:39:47) [GET]
Rendering template within layouts/application
Rendering dashboard/overview
Completed in 7ms (View: 6, DB: 0) | 200 OK [http://localhost/dashboard/overview]


Processing DashboardController#edit_num (for 127.0.0.1 at 2009-12-12 15:39:50) [POST]
  Parameters: {"authenticity_token"=>"JY4jyMxg6DKA/2+PS67Rp1HmlIvpNY+9J4W46yphagQ=", "value"=>"55", "_"=>"", "editorId"=>"test_edit"}

ActionController::DoubleRenderError (Render and/or redirect were called multiple times in this action. Please note that you may only call render OR redirect, and at most once per action. Also note that neither redirect nor render terminate execution of the action, so if you want to exit an action after redirecting, you need to do something like "redirect_to(...) and return".):
  app/controllers/dashboard_controller.rb:12:in `edit_num'

Rendered rescues/_trace (32.2ms)
Rendered rescues/_request_and_response (0.3ms)
Rendering rescues/layout (internal_server_error)


Processing DashboardController#overview (for 127.0.0.1 at 2009-12-12 15:40:09) [GET]
Rendering template within layouts/application
Rendering dashboard/overview
Completed in 85ms (View: 84, DB: 0) | 200 OK [http://localhost/dashboard/overview]


Processing DashboardController#edit_num (for 127.0.0.1 at 2009-12-12 15:40:12) [POST]
  Parameters: {"authenticity_token"=>"JY4jyMxg6DKA/2+PS67Rp1HmlIvpNY+9J4W46yphagQ=", "value"=>"55", "_"=>"", "editorId"=>"test_edit"}
Redirected to http://localhost:3000/dashboard/overview?test_num=55
Completed in 2ms (DB: 0) | 302 Found [http://localhost/dashboard/edit_num]


Processing DashboardController#overview (for 127.0.0.1 at 2009-12-12 15:40:12) [GET]
  Parameters: {"test_num"=>"55"}
Rendering template within layouts/application
Rendering dashboard/overview
Completed in 7ms (View: 6, DB: 0) | 200 OK [http://localhost/dashboard/overview?test_num=55]


Processing DashboardController#overview (for 127.0.0.1 at 2009-12-12 15:40:24) [GET]
Rendering template within layouts/application
Rendering dashboard/overview
Completed in 8ms (View: 6, DB: 0) | 200 OK [http://localhost/dashboard/overview]


Processing DashboardController#edit_num (for 127.0.0.1 at 2009-12-12 15:40:27) [POST]
  Parameters: {"authenticity_token"=>"JY4jyMxg6DKA/2+PS67Rp1HmlIvpNY+9J4W46yphagQ=", "value"=>"55", "_"=>"", "editorId"=>"test_edit"}
Redirected to http://localhost:3000/dashboard/overview?test_num=55
Completed in 1ms (DB: 0) | 302 Found [http://localhost/dashboard/edit_num]


Processing DashboardController#overview (for 127.0.0.1 at 2009-12-12 15:40:27) [GET]
  Parameters: {"test_num"=>"55"}
Rendering template within layouts/application
Rendering dashboard/overview
Completed in 7ms (View: 6, DB: 0) | 200 OK [http://localhost/dashboard/overview?test_num=55]


Processing DashboardController#overview (for 127.0.0.1 at 2009-12-12 15:40:38) [GET]
Rendering template within layouts/application
Rendering dashboard/overview
Completed in 7ms (View: 6, DB: 0) | 200 OK [http://localhost/dashboard/overview]


Processing DashboardController#edit_num (for 127.0.0.1 at 2009-12-12 15:40:42) [POST]
  Parameters: {"authenticity_token"=>"JY4jyMxg6DKA/2+PS67Rp1HmlIvpNY+9J4W46yphagQ=", "value"=>"55", "_"=>"", "editorId"=>"test_edit"}
Redirected to http://localhost:3000/dashboard/overview?test_num=55
Completed in 1ms (DB: 0) | 302 Found [http://localhost/dashboard/edit_num]


Processing DashboardController#overview (for 127.0.0.1 at 2009-12-12 15:40:42) [GET]
  Parameters: {"test_num"=>"55"}
Rendering template within layouts/application
Rendering dashboard/overview
Completed in 7ms (View: 6, DB: 0) | 200 OK [http://localhost/dashboard/overview?test_num=55]


Processing DashboardController#overview (for 127.0.0.1 at 2009-12-12 15:40:50) [GET]
Rendering template within layouts/application
Rendering dashboard/overview
Completed in 7ms (View: 6, DB: 0) | 200 OK [http://localhost/dashboard/overview]


Processing DashboardController#overview (for 127.0.0.1 at 2009-12-12 15:41:13) [GET]
Rendering template within layouts/application
Rendering dashboard/overview
Completed in 7ms (View: 6, DB: 0) | 200 OK [http://localhost/dashboard/overview]


Processing DashboardController#edit_num (for 127.0.0.1 at 2009-12-12 15:41:16) [POST]
  Parameters: {"authenticity_token"=>"JY4jyMxg6DKA/2+PS67Rp1HmlIvpNY+9J4W46yphagQ=", "value"=>"333", "_"=>"", "editorId"=>"test_edit"}
Rendering template within layouts/application
Rendering dashboard/overview

ActionView::TemplateError (undefined method `to_url' for nil:NilClass) on line #10 of app/views/dashboard/overview.html.erb:
7: <%= in_place_editor "test_edit", {:url => url_for(:action => :edit_num) } %>
8: 
9: <div id="hidden_chart">
10:   <%= image_tag @chart.to_url, :size =>"500x300" %>
11: </div>

    app/views/dashboard/overview.html.erb:10
    app/controllers/dashboard_controller.rb:12:in `edit_num'

Rendered rescues/_trace (42.0ms)
Rendered rescues/_request_and_response (1.3ms)
Rendering rescues/layout (internal_server_error)


Processing DashboardController#overview (for 127.0.0.1 at 2009-12-12 15:44:42) [GET]
Rendering template within layouts/application
Rendering dashboard/overview
Completed in 7ms (View: 6, DB: 0) | 200 OK [http://localhost/dashboard/overview]


Processing DashboardController#edit_num (for 127.0.0.1 at 2009-12-12 15:44:46) [POST]
  Parameters: {"authenticity_token"=>"JY4jyMxg6DKA/2+PS67Rp1HmlIvpNY+9J4W46yphagQ=", "value"=>"44", "_"=>"", "editorId"=>"test_edit"}
Completed in 2ms (View: 1, DB: 0) | 200 OK [http://localhost/dashboard/edit_num]


Processing DashboardController#edit_num (for 127.0.0.1 at 2009-12-12 15:54:39) [POST]
  Parameters: {"authenticity_token"=>"JY4jyMxg6DKA/2+PS67Rp1HmlIvpNY+9J4W46yphagQ=", "value"=>"56", "_"=>"", "editorId"=>"test_edit"}
Completed in 2ms (View: 1, DB: 0) | 200 OK [http://localhost/dashboard/edit_num]
